2021-08-12T12:02:33+00:00 CRITICAL Uncaught ArgumentCountError: Too few arguments to function wp_send_json(), 0 passed in D:\The_NewBees_Summerschool\wp-content\themes\Bootstrap-on-WordPress-master\page-apply-for-company.php on line 70 and at least 1 expected in D:\The_NewBees_Summerschool\wp-includes\functions.php:4097
Stack trace:
#0 D:\The_NewBees_Summerschool\wp-content\themes\Bootstrap-on-WordPress-master\page-apply-for-company.php(70): wp_send_json()
#1 D:\The_NewBees_Summerschool\wp-includes\template-loader.php(106): include('D:\\The_NewBees_...')
#2 D:\The_NewBees_Summerschool\wp-blog-header.php(19): require_once('D:\\The_NewBees_...')
#3 D:\The_NewBees_Summerschool\index.php(17): require('D:\\The_NewBees_...')
#4 {main}
  thrown in D:\The_NewBees_Summerschool\wp-includes\functions.php on line 4097

2021-08-12T12:03:36+00:00 CRITICAL Uncaught ArgumentCountError: Too few arguments to function wp_send_json(), 0 passed in D:\The_NewBees_Summerschool\wp-content\themes\Bootstrap-on-WordPress-master\page-apply-for-company.php on line 70 and at least 1 expected in D:\The_NewBees_Summerschool\wp-includes\functions.php:4097
Stack trace:
#0 D:\The_NewBees_Summerschool\wp-content\themes\Bootstrap-on-WordPress-master\page-apply-for-company.php(70): wp_send_json()
#1 D:\The_NewBees_Summerschool\wp-includes\template-loader.php(106): include('D:\\The_NewBees_...')
#2 D:\The_NewBees_Summerschool\wp-blog-header.php(19): require_once('D:\\The_NewBees_...')
#3 D:\The_NewBees_Summerschool\index.php(17): require('D:\\The_NewBees_...')
#4 {main}
  thrown in D:\The_NewBees_Summerschool\wp-includes\functions.php on line 4097

2021-08-12T12:04:11+00:00 CRITICAL syntax error, unexpected 'SummerSchool' (T_STRING), expecting ')' in D:\The_NewBees_Summerschool\wp-content\themes\Bootstrap-on-WordPress-master\page-apply-for-company.php on line 70

2021-08-12T12:04:25+00:00 CRITICAL syntax error, unexpected 'SummerSchool' (T_STRING), expecting ')' in D:\The_NewBees_Summerschool\wp-content\themes\Bootstrap-on-WordPress-master\page-apply-for-company.php on line 70

2021-08-12T12:04:36+00:00 CRITICAL syntax error, unexpected 'SummerSchool' (T_STRING), expecting ')' in D:\The_NewBees_Summerschool\wp-content\themes\Bootstrap-on-WordPress-master\page-apply-for-company.php on line 70

2021-08-12T13:04:48+00:00 CRITICAL syntax error, unexpected '{', expecting '(' in D:\The_NewBees_Summerschool\wp-content\themes\Bootstrap-on-WordPress-master\page-angajatii-mei.php on line 26

2021-08-12T13:05:12+00:00 CRITICAL syntax error, unexpected '{', expecting '(' in D:\The_NewBees_Summerschool\wp-content\themes\Bootstrap-on-WordPress-master\page-angajatii-mei.php on line 26

