2021-08-24T06:29:01+00:00 CRITICAL syntax error, unexpected 'echo' (T_ECHO), expecting ';' or ',' in C:\Users\Oana\Documents\GitHub\The_NewBees_Summerschool\wp-content\themes\Bootstrap-on-WordPress-master\page-products.php on line 15

2021-08-24T06:37:29+00:00 CRITICAL syntax error, unexpected '.' in C:\Users\Oana\Documents\GitHub\The_NewBees_Summerschool\wp-content\themes\Bootstrap-on-WordPress-master\page-products.php on line 15

2021-08-24T06:38:55+00:00 CRITICAL syntax error, unexpected '.' in C:\Users\Oana\Documents\GitHub\The_NewBees_Summerschool\wp-content\themes\Bootstrap-on-WordPress-master\page-products.php on line 15

2021-08-24T06:38:59+00:00 CRITICAL syntax error, unexpected '.' in C:\Users\Oana\Documents\GitHub\The_NewBees_Summerschool\wp-content\themes\Bootstrap-on-WordPress-master\page-products.php on line 15

2021-08-24T07:16:35+00:00 CRITICAL Uncaught Error: Call to undefined method WP_Post::the_title() in C:\Users\Oana\Documents\GitHub\The_NewBees_Summerschool\wp-content\themes\Bootstrap-on-WordPress-master\page-products.php:15
Stack trace:
#0 C:\Users\Oana\Documents\GitHub\The_NewBees_Summerschool\wp-includes\template-loader.php(106): include()
#1 C:\Users\Oana\Documents\GitHub\The_NewBees_Summerschool\wp-blog-header.php(19): require_once('C:\\Users\\Oana\\D...')
#2 C:\Users\Oana\Documents\GitHub\The_NewBees_Summerschool\index.php(17): require('C:\\Users\\Oana\\D...')
#3 {main}
  thrown in C:\Users\Oana\Documents\GitHub\The_NewBees_Summerschool\wp-content\themes\Bootstrap-on-WordPress-master\page-products.php on line 15

2021-08-24T07:18:13+00:00 CRITICAL Uncaught Error: Call to a member function the_title() on string in C:\Users\Oana\Documents\GitHub\The_NewBees_Summerschool\wp-content\themes\Bootstrap-on-WordPress-master\page-products.php:15
Stack trace:
#0 C:\Users\Oana\Documents\GitHub\The_NewBees_Summerschool\wp-includes\template-loader.php(106): include()
#1 C:\Users\Oana\Documents\GitHub\The_NewBees_Summerschool\wp-blog-header.php(19): require_once('C:\\Users\\Oana\\D...')
#2 C:\Users\Oana\Documents\GitHub\The_NewBees_Summerschool\index.php(17): require('C:\\Users\\Oana\\D...')
#3 {main}
  thrown in C:\Users\Oana\Documents\GitHub\The_NewBees_Summerschool\wp-content\themes\Bootstrap-on-WordPress-master\page-products.php on line 15

2021-08-24T07:18:36+00:00 CRITICAL Uncaught Error: Call to a member function the_title() on string in C:\Users\Oana\Documents\GitHub\The_NewBees_Summerschool\wp-content\themes\Bootstrap-on-WordPress-master\page-products.php:15
Stack trace:
#0 C:\Users\Oana\Documents\GitHub\The_NewBees_Summerschool\wp-includes\template-loader.php(106): include()
#1 C:\Users\Oana\Documents\GitHub\The_NewBees_Summerschool\wp-blog-header.php(19): require_once('C:\\Users\\Oana\\D...')
#2 C:\Users\Oana\Documents\GitHub\The_NewBees_Summerschool\index.php(17): require('C:\\Users\\Oana\\D...')
#3 {main}
  thrown in C:\Users\Oana\Documents\GitHub\The_NewBees_Summerschool\wp-content\themes\Bootstrap-on-WordPress-master\page-products.php on line 15

2021-08-24T07:21:47+00:00 CRITICAL Uncaught Error: Call to undefined method WP_Post::get_name() in C:\Users\Oana\Documents\GitHub\The_NewBees_Summerschool\wp-content\themes\Bootstrap-on-WordPress-master\page-products.php:15
Stack trace:
#0 C:\Users\Oana\Documents\GitHub\The_NewBees_Summerschool\wp-includes\template-loader.php(106): include()
#1 C:\Users\Oana\Documents\GitHub\The_NewBees_Summerschool\wp-blog-header.php(19): require_once('C:\\Users\\Oana\\D...')
#2 C:\Users\Oana\Documents\GitHub\The_NewBees_Summerschool\index.php(17): require('C:\\Users\\Oana\\D...')
#3 {main}
  thrown in C:\Users\Oana\Documents\GitHub\The_NewBees_Summerschool\wp-content\themes\Bootstrap-on-WordPress-master\page-products.php on line 15

2021-08-24T07:56:00+00:00 CRITICAL syntax error, unexpected '$product' (T_VARIABLE), expecting ';' or ',' in C:\Users\Oana\Documents\GitHub\The_NewBees_Summerschool\wp-content\themes\Bootstrap-on-WordPress-master\page-products.php on line 15

2021-08-24T07:56:35+00:00 CRITICAL syntax error, unexpected '$product' (T_VARIABLE), expecting ';' or ',' in C:\Users\Oana\Documents\GitHub\The_NewBees_Summerschool\wp-content\themes\Bootstrap-on-WordPress-master\page-products.php on line 15

2021-08-24T08:00:40+00:00 CRITICAL syntax error, unexpected '$product' (T_VARIABLE), expecting ';' or ',' in C:\Users\Oana\Documents\GitHub\The_NewBees_Summerschool\wp-content\themes\Bootstrap-on-WordPress-master\page-products.php on line 15

2021-08-24T08:02:09+00:00 CRITICAL syntax error, unexpected '$product' (T_VARIABLE), expecting ';' or ',' in C:\Users\Oana\Documents\GitHub\The_NewBees_Summerschool\wp-content\themes\Bootstrap-on-WordPress-master\page-products.php on line 15

2021-08-24T08:05:34+00:00 CRITICAL syntax error, unexpected '$products' (T_VARIABLE) in C:\Users\Oana\Documents\GitHub\The_NewBees_Summerschool\wp-content\themes\Bootstrap-on-WordPress-master\page-products.php on line 9

2021-08-24T08:08:54+00:00 CRITICAL syntax error, unexpected end of file in C:\Users\Oana\Documents\GitHub\The_NewBees_Summerschool\wp-content\themes\Bootstrap-on-WordPress-master\page-products.php on line 19

2021-08-24T08:11:08+00:00 CRITICAL syntax error, unexpected ''">' (T_CONSTANT_ENCAPSED_STRING), expecting ';' or ',' in C:\Users\Oana\Documents\GitHub\The_NewBees_Summerschool\wp-content\themes\Bootstrap-on-WordPress-master\page-products.php on line 15

2021-08-24T08:11:53+00:00 CRITICAL syntax error, unexpected ''">' (T_CONSTANT_ENCAPSED_STRING), expecting ';' or ',' in C:\Users\Oana\Documents\GitHub\The_NewBees_Summerschool\wp-content\themes\Bootstrap-on-WordPress-master\page-products.php on line 15

2021-08-24T08:14:22+00:00 CRITICAL syntax error, unexpected ''".  alt="'' (T_CONSTANT_ENCAPSED_STRING), expecting ';' or ',' in C:\Users\Oana\Documents\GitHub\The_NewBees_Summerschool\wp-content\themes\Bootstrap-on-WordPress-master\page-products.php on line 15

2021-08-24T08:14:36+00:00 CRITICAL syntax error, unexpected ''".  alt="'' (T_CONSTANT_ENCAPSED_STRING), expecting ';' or ',' in C:\Users\Oana\Documents\GitHub\The_NewBees_Summerschool\wp-content\themes\Bootstrap-on-WordPress-master\page-products.php on line 15

2021-08-24T08:14:39+00:00 CRITICAL syntax error, unexpected ''".  alt="'' (T_CONSTANT_ENCAPSED_STRING), expecting ';' or ',' in C:\Users\Oana\Documents\GitHub\The_NewBees_Summerschool\wp-content\themes\Bootstrap-on-WordPress-master\page-products.php on line 15

2021-08-24T11:23:51+00:00 CRITICAL Uncaught Error: Call to a member function is_in_stock() on null in C:\Users\Oana\Documents\GitHub\The_NewBees_Summerschool\wp-content\themes\Bootstrap-on-WordPress-master\page-products.php:21
Stack trace:
#0 C:\Users\Oana\Documents\GitHub\The_NewBees_Summerschool\wp-includes\template-loader.php(106): include()
#1 C:\Users\Oana\Documents\GitHub\The_NewBees_Summerschool\wp-blog-header.php(19): require_once('C:\\Users\\Oana\\D...')
#2 C:\Users\Oana\Documents\GitHub\The_NewBees_Summerschool\index.php(17): require('C:\\Users\\Oana\\D...')
#3 {main}
  thrown in C:\Users\Oana\Documents\GitHub\The_NewBees_Summerschool\wp-content\themes\Bootstrap-on-WordPress-master\page-products.php on line 21

2021-08-24T12:29:17+00:00 CRITICAL syntax error, unexpected '/' in C:\Users\Oana\Documents\GitHub\The_NewBees_Summerschool\wp-content\themes\Bootstrap-on-WordPress-master\page-products.php on line 15

2021-08-24T12:29:35+00:00 CRITICAL Uncaught Error: Call to undefined method WP_Post::get_price_html() in C:\Users\Oana\Documents\GitHub\The_NewBees_Summerschool\wp-content\themes\Bootstrap-on-WordPress-master\page-products.php:15
Stack trace:
#0 C:\Users\Oana\Documents\GitHub\The_NewBees_Summerschool\wp-includes\template-loader.php(106): include()
#1 C:\Users\Oana\Documents\GitHub\The_NewBees_Summerschool\wp-blog-header.php(19): require_once('C:\\Users\\Oana\\D...')
#2 C:\Users\Oana\Documents\GitHub\The_NewBees_Summerschool\index.php(17): require('C:\\Users\\Oana\\D...')
#3 {main}
  thrown in C:\Users\Oana\Documents\GitHub\The_NewBees_Summerschool\wp-content\themes\Bootstrap-on-WordPress-master\page-products.php on line 15

