2021-07-20T12:30:40.190825Z 0 [Warning] Insecure configuration for --secure-file-priv: Current value does not restrict location of generated files. Consider setting it to a valid, non-empty path.
2021-07-20T12:30:40.191424Z 0 [ERROR] Cannot open Windows EventLog; check privileges, or start server with --log_syslog=0
2021-07-20T12:30:40.191446Z 0 [Note] C:\laragon\bin\mysql\mysql-5.7.33-winx64\bin\mysqld (mysqld 5.7.33) starting as process 8136 ...
2021-07-20T12:30:40.230499Z 0 [Note] InnoDB: Mutexes and rw_locks use Windows interlocked functions
2021-07-20T12:30:40.232595Z 0 [Note] InnoDB: Uses event mutexes
2021-07-20T12:30:40.233930Z 0 [Note] InnoDB: _mm_lfence() and _mm_sfence() are used for memory barrier
2021-07-20T12:30:40.236040Z 0 [Note] InnoDB: Compressed tables use zlib 1.2.11
2021-07-20T12:30:40.237374Z 0 [Note] InnoDB: Number of pools: 1
2021-07-20T12:30:40.237974Z 0 [Note] InnoDB: Not using CPU crc32 instructions
2021-07-20T12:30:40.241986Z 0 [Note] InnoDB: Initializing buffer pool, total size = 128M, instances = 1, chunk size = 128M
2021-07-20T12:30:40.252692Z 0 [Note] InnoDB: Completed initialization of buffer pool
2021-07-20T12:30:40.357623Z 0 [Note] InnoDB: Highest supported file format is Barracuda.
2021-07-20T12:30:40.621533Z 0 [Note] InnoDB: Creating shared tablespace for temporary tables
2021-07-20T12:30:40.622699Z 0 [Note] InnoDB: Setting file '.\ibtmp1' size to 12 MB. Physically writing the file full; Please wait ...
2021-07-20T12:30:40.646453Z 0 [Note] InnoDB: File '.\ibtmp1' size is now 12 MB.
2021-07-20T12:30:40.655649Z 0 [Note] InnoDB: 96 redo rollback segment(s) found. 96 redo rollback segment(s) are active.
2021-07-20T12:30:40.656503Z 0 [Note] InnoDB: 32 non-redo rollback segment(s) are active.
2021-07-20T12:30:40.657509Z 0 [Note] InnoDB: Waiting for purge to start
2021-07-20T12:30:40.710267Z 0 [Note] InnoDB: 5.7.33 started; log sequence number 2746840
2021-07-20T12:30:40.712008Z 0 [Note] InnoDB: Loading buffer pool(s) from C:\Users\Andre\Documents\The_NewBees_Summerschool\mysql\ib_buffer_pool
2021-07-20T12:30:40.712062Z 0 [Note] Plugin 'FEDERATED' is disabled.
2021-07-20T12:30:40.742090Z 0 [Note] InnoDB: Buffer pool(s) load completed at 210720 15:30:40
2021-07-20T12:30:40.755295Z 0 [Note] Found ca.pem, server-cert.pem and server-key.pem in data directory. Trying to enable SSL support using them.
2021-07-20T12:30:40.756302Z 0 [Note] Skipping generation of SSL certificates as certificate files are present in data directory.
2021-07-20T12:30:40.783917Z 0 [Warning] CA certificate ca.pem is self signed.
2021-07-20T12:30:40.785307Z 0 [Note] Skipping generation of RSA key pair as key files are present in data directory.
2021-07-20T12:30:40.807939Z 0 [Note] Server hostname (bind-address): '*'; port: 3306
2021-07-20T12:30:40.809512Z 0 [Note] IPv6 is available.
2021-07-20T12:30:40.810147Z 0 [Note]   - '::' resolves to '::';
2021-07-20T12:30:40.810646Z 0 [Note] Server socket created on IP: '::'.
2021-07-20T12:30:42.037413Z 0 [Note] Event Scheduler: Loaded 0 events
2021-07-20T12:30:42.038107Z 0 [Note] C:\laragon\bin\mysql\mysql-5.7.33-winx64\bin\mysqld: ready for connections.
Version: '5.7.33'  socket: ''  port: 3306  MySQL Community Server (GPL)
